C51 COMPILER V9.54   DS1302                                                                04/10/2025 13:03:56 PAGE 1   


C51 COMPILER V9.54, COMPILATION OF MODULE DS1302
OBJECT MODULE PLACED IN .\Objects\ds1302.obj
COMPILER INVOKED BY: D:\Program Files\keil5\C51\BIN\C51.EXE ..\Driver\ds1302.c OPTIMIZE(8,SPEED) BROWSE INCDIR(..\Driver
                    -) DEBUG OBJECTEXTEND PRINT(.\Listings\ds1302.lst) OBJECT(.\Objects\ds1302.obj)

line level    source

   1          /*      #       DS1302ä»£ç ç‰‡æ®µè¯´æ˜
   2                  1.      æœ¬æ–‡ä»¶å¤¹ä¸­æä¾›çš„é©±åŠ¨ä»£ç ä¾›å‚èµ›é€‰æ‰‹å®Œæˆç¨‹åºè®¾è®¡å‚è€ƒã€‚
   3                  2.      å‚èµ›é€‰æ‰‹å¯ä»¥è‡ªè¡Œç¼–å†™ç›¸å…³ä»£ç æˆ–ä»¥è¯¥ä»£ç ä¸ºåŸºç¡€ï¼Œæ ¹æ®æ‰€é€‰å•ç‰‡æœºç±»å‹ã€è¿
             -è¡Œé€Ÿåº¦å’Œè¯•é¢˜
   4                          ä¸­å¯¹å•ç‰‡æœºæ—¶é’Ÿé¢‘ç‡çš„è¦æ±‚ï¼Œè¿›è¡Œä»£ç è°ƒè¯•å’Œä¿®æ”¹ã€‚
   5          */                                                              
   6          
   7          #include "Ds1302.h"
   8          
   9          sbit SCK = P1^7;
  10          sbit RST = P1^3;
  11          sbit SDA = P2^3;
  12          
  13          //
  14          void Write_Ds1302(unsigned  char temp) 
  15          {
  16   1              unsigned char i;
  17   1              for (i=0;i<8;i++)       
  18   1              { 
  19   2                      SCK = 0;
  20   2                      SDA = temp&0x01;
  21   2                      temp>>=1; 
  22   2                      SCK=1;
  23   2              }
  24   1      }   
  25          
  26          //
  27          void Write_Ds1302_Byte( unsigned char address,unsigned char dat )     
  28          {
  29   1              RST=0;  _nop_();
  30   1              SCK=0;  _nop_();
  31   1              RST=1;  _nop_();  
  32   1              Write_Ds1302(address);  
  33   1              Write_Ds1302(dat);              
  34   1              RST=0; 
  35   1      }
  36          
  37          //
  38          unsigned char Read_Ds1302_Byte ( unsigned char address )
  39          {
  40   1              unsigned char i,temp=0x00;
  41   1              RST=0;  _nop_();
  42   1              SCK=0;  _nop_();
  43   1              RST=1;  _nop_();
  44   1              Write_Ds1302(address);
  45   1              for (i=0;i<8;i++)       
  46   1              {               
  47   2                      SCK=0;
  48   2                      temp>>=1;       
  49   2                      if(SDA)
  50   2                      temp|=0x80;     
  51   2                      SCK=1;
  52   2              } 
  53   1              RST=0;  _nop_();
C51 COMPILER V9.54   DS1302                                                                04/10/2025 13:03:56 PAGE 2   

  54   1              SCK=0;  _nop_();
  55   1              SCK=1;  _nop_();
  56   1              SDA=0;  _nop_();
  57   1              SDA=1;  _nop_();
  58   1              return (temp);                  
  59   1      }
  60          
  61          //å†™æ—¶é—´
  62          void Ds1302_Write(uc *dat)
  63          {
  64   1              Write_Ds1302_Byte(0x8e, 0x00);  //å…³å†™ä¿æŠ¤
  65   1              Write_Ds1302_Byte(0x80, 0x00);  //å†™å…¥æ—¶åœæ­¢è®¡æ—¶
  66   1              Write_Ds1302_Byte(0x84, *dat++);
  67   1              Write_Ds1302_Byte(0x82, *dat++);
  68   1              Write_Ds1302_Byte(0x80, *dat);  //å†™å…¥ç§’ï¼Œé¡ºä¾¿å¼€å§‹è®¡æ—¶
  69   1              Write_Ds1302_Byte(0x8e, 0x80);  //å¼€å†™ä¿æŠ¤
  70   1      }
  71          
  72          void Ds1302_Read(uc *dat)
  73          {
  74   1              EA = 0;
  75   1              *dat++ = Read_Ds1302_Byte(0x85);        //æ—¶
  76   1              *dat++ = Read_Ds1302_Byte(0x83);        //åˆ†
  77   1              *dat   = Read_Ds1302_Byte(0x81);        //ç§’
  78   1              EA = 1;
  79   1      }


MODULE INFORMATION:   STATIC OVERLAYABLE
   CODE SIZE        =    249    ----
   CONSTANT SIZE    =   ----    ----
   XDATA SIZE       =   ----    ----
   PDATA SIZE       =   ----    ----
   DATA SIZE        =   ----       6
   IDATA SIZE       =   ----    ----
   BIT SIZE         =   ----    ----
END OF MODULE INFORMATION.


C51 COMPILATION COMPLETE.  0 WARNING(S),  0 ERROR(S)
