C51 COMPILER V9.54   LED                                                                   04/10/2025 13:28:14 PAGE 1   


C51 COMPILER V9.54, COMPILATION OF MODULE LED
OBJECT MODULE PLACED IN .\Objects\Led.obj
COMPILER INVOKED BY: D:\Program Files\keil5\C51\BIN\C51.EXE ..\Driver\Led.c OPTIMIZE(8,SPEED) BROWSE INCDIR(..\Driver) D
                    -EBUG OBJECTEXTEND PRINT(.\Listings\Led.lst) OBJECT(.\Objects\Led.obj)

line level    source

   1          #include "Led.h"
   2          
   3          //Led
   4          void Led_Disp(uc addr, enable)
   5          {
   6   1              uc gate;
   7   1              static temp = 0x00;
   8   1              static temp_old = 0xff;
   9   1              
  10   1              if (enable)
  11   1                      temp |= 0x01 << addr;
  12   1              else
  13   1                      temp &= ~(0x01 << addr);
  14   1              
  15   1              if (temp != temp_old)
  16   1              {
  17   2                      P0 = ~temp;
  18   2                      gate = P2 & 0X1F;
  19   2                      gate |= 0X80;
  20   2                      P2 = gate;
  21   2                      gate = P2 & 0X1F;
  22   2                      P2 = gate;
  23   2                      temp_old = temp;
  24   2              }
  25   1      }
  26          
  27          //继电器，1吸合，2断开
  28          void N_Relay(uc enable)
  29          {
  30   1              uc gate;
  31   1              
  32   1              if (enable)
  33   1              {
  34   2                      P0 = 0X10;              //开继电器
  35   2                      gate = P2 & 0X1F;
  36   2                      gate |= 0XA0;
  37   2                      P2 = gate;
  38   2                      gate = P2 & 0X1F;
  39   2                      P2 = gate;
  40   2              }
  41   1              else
  42   1              {
  43   2                      P0 = 0X00;              //关外设
  44   2                      gate = P2 & 0X1F;
  45   2                      gate |= 0XA0;
  46   2                      P2 = gate;
  47   2                      gate = P2 & 0X1F;
  48   2                      P2 = gate;
  49   2              }
  50   1      }


MODULE INFORMATION:   STATIC OVERLAYABLE
   CODE SIZE        =    122    ----
C51 COMPILER V9.54   LED                                                                   04/10/2025 13:28:14 PAGE 2   

   CONSTANT SIZE    =   ----    ----
   XDATA SIZE       =   ----    ----
   PDATA SIZE       =   ----    ----
   DATA SIZE        =      4    ----
   IDATA SIZE       =   ----    ----
   BIT SIZE         =   ----    ----
END OF MODULE INFORMATION.


C51 COMPILATION COMPLETE.  0 WARNING(S),  0 ERROR(S)
