C51 COMPILER V9.54   SEG                                                                   04/10/2025 12:33:29 PAGE 1   


C51 COMPILER V9.54, COMPILATION OF MODULE SEG
OBJECT MODULE PLACED IN .\Objects\Seg.obj
COMPILER INVOKED BY: D:\Program Files\keil5\C51\BIN\C51.EXE ..\Driver\Seg.c OPTIMIZE(8,SPEED) BROWSE INCDIR(..\Driver) D
                    -EBUG OBJECTEXTEND PRINT(.\Listings\Seg.lst) OBJECT(.\Objects\Seg.obj)

line level    source

   1          #include "Seg.h"
   2          
   3          uc Dula[] = {~0x3F, ~0x06, ~0x5B, ~0x4F, ~0x66, ~0x6D, ~0x7D, ~0x07, ~0x7F, ~0x6F, 0xff,
   4                                   ~0x3E, ~0x40};
   5                                  //11=U, 12--
   6          uc Wela[] = {0x01,0x02,0x04,0x08,0x10,0x20,0x40,0x80};
   7          
   8          void Seg_Disp(uc We, Du, Point)
   9          {
  10   1              uc gate;
  11   1              
  12   1              P0 = 0XFF;              //消影
  13   1              gate = P2 & 0X1F;
  14   1              gate |= 0XE0;
  15   1              P2 = gate;
  16   1              gate = P2 & 0X1F;
  17   1              P2 = gate;
  18   1              
  19   1              P0 = Wela[We];          //位选
  20   1              gate = P2 & 0X1F;
  21   1              gate |= 0XC0;
  22   1              P2 = gate;
  23   1              gate = P2 & 0X1F;
  24   1              P2 = gate;
  25   1              
  26   1              P0 = Dula[Du];          //段选
  27   1              if(Point) P0 &= 0X7F;
  28   1              gate = P2 & 0X1F;
  29   1              gate |= 0XE0;
  30   1              P2 = gate;
  31   1              gate = P2 & 0X1F;
  32   1              P2 = gate;
  33   1      }


MODULE INFORMATION:   STATIC OVERLAYABLE
   CODE SIZE        =     73    ----
   CONSTANT SIZE    =   ----    ----
   XDATA SIZE       =   ----    ----
   PDATA SIZE       =   ----    ----
   DATA SIZE        =     21    ----
   IDATA SIZE       =   ----    ----
   BIT SIZE         =   ----    ----
END OF MODULE INFORMATION.


C51 COMPILATION COMPLETE.  0 WARNING(S),  0 ERROR(S)
